# JRE version: Java(TM) SE Runtime Environment 18.9 (11.0.20+9) (build 11.0.20+9-LTS-256)
# Java VM: Java HotSpot(TM) 64-Bit Server VM 18.9 (11.0.20+9-LTS-256, mixed mode, tiered, compressed oops, g1 gc, windows-amd64)
Heap:
 garbage-first heap   total 96256K, used 61807K [0x00000000a2600000, 0x0000000100000000)
  region size 1024K, 32 young (32768K), 5 survivors (5120K)
 Metaspace       used 73683K, capacity 75955K, committed 76112K, reserved 1114112K
  class space    used 9891K, capacity 10872K, committed 10912K, reserved 1048576K
GC Heap History (10 events):
Event: 13.619 GC heap before
{Heap before GC invocations=10 (full 0):
 garbage-first heap   total 96256K, used 54068K [0x00000000a2600000, 0x0000000100000000)
  region size 1024K, 34 young (34816K), 3 survivors (3072K)
 Metaspace       used 52456K, capacity 53824K, committed 53936K, reserved 1095680K
  class space    used 6749K, capacity 7325K, committed 7424K, reserved 1048576K
}
Event: 13.623 GC heap after
{Heap after GC invocations=11 (full 0):
 garbage-first heap   total 96256K, used 23273K [0x00000000a2600000, 0x0000000100000000)
  region size 1024K, 3 young (3072K), 3 survivors (3072K)
 Metaspace       used 52456K, capacity 53824K, committed 53936K, reserved 1095680K
  class space    used 6749K, capacity 7325K, committed 7424K, reserved 1048576K
}
Event: 14.202 GC heap before
{Heap before GC invocations=11 (full 0):
 garbage-first heap   total 96256K, used 58089K [0x00000000a2600000, 0x0000000100000000)
  region size 1024K, 37 young (37888K), 3 survivors (3072K)
 Metaspace       used 57509K, capacity 58994K, committed 59056K, reserved 1099776K
  class space    used 7500K, capacity 8132K, committed 8192K, reserved 1048576K
}
Event: 14.206 GC heap after
{Heap after GC invocations=12 (full 0):
 garbage-first heap   total 96256K, used 24276K [0x00000000a2600000, 0x0000000100000000)
  region size 1024K, 3 young (3072K), 3 survivors (3072K)
 Metaspace       used 57509K, capacity 58994K, committed 59056K, reserved 1099776K
  class space    used 7500K, capacity 8132K, committed 8192K, reserved 1048576K
}
Event: 14.838 GC heap before
{Heap before GC invocations=12 (full 0):
 garbage-first heap   total 96256K, used 59092K [0x00000000a2600000, 0x0000000100000000)
  region size 1024K, 38 young (38912K), 3 survivors (3072K)
 Metaspace       used 63619K, capacity 65062K, committed 65200K, reserved 1105920K
  class space    used 8475K, capacity 9104K, committed 9216K, reserved 1048576K
}
Event: 14.842 GC heap after
{Heap after GC invocations=13 (full 0):
 garbage-first heap   total 96256K, used 25168K [0x00000000a2600000, 0x0000000100000000)
  region size 1024K, 3 young (3072K), 3 survivors (3072K)
 Metaspace       used 63619K, capacity 65062K, committed 65200K, reserved 1105920K
  class space    used 8475K, capacity 9104K, committed 9216K, reserved 1048576K
}
Event: 15.520 GC heap before
{Heap before GC invocations=13 (full 0):
 garbage-first heap   total 96256K, used 59984K [0x00000000a2600000, 0x0000000100000000)
  region size 1024K, 38 young (38912K), 3 survivors (3072K)
 Metaspace       used 69353K, capacity 71071K, committed 71120K, reserved 1110016K
  class space    used 9228K, capacity 9988K, committed 10016K, reserved 1048576K
}
Event: 15.526 GC heap after
{Heap after GC invocations=14 (full 0):
 garbage-first heap   total 96256K, used 26357K [0x00000000a2600000, 0x0000000100000000)
  region size 1024K, 4 young (4096K), 4 survivors (4096K)
 Metaspace       used 69353K, capacity 71071K, committed 71120K, reserved 1110016K
  class space    used 9228K, capacity 9988K, committed 10016K, reserved 1048576K
}
Event: 16.185 GC heap before
{Heap before GC invocations=15 (full 0):
 garbage-first heap   total 96256K, used 63221K [0x00000000a2600000, 0x0000000100000000)
  region size 1024K, 40 young (40960K), 4 survivors (4096K)
 Metaspace       used 72420K, capacity 74647K, committed 74704K, reserved 1114112K
  class space    used 9811K, capacity 10784K, committed 10784K, reserved 1048576K
}
Event: 16.198 GC heap after
{Heap after GC invocations=16 (full 0):
 garbage-first heap   total 96256K, used 35183K [0x00000000a2600000, 0x0000000100000000)
  region size 1024K, 5 young (5120K), 5 survivors (5120K)
 Metaspace       used 72420K, capacity 74647K, committed 74704K, reserved 1114112K
  class space    used 9811K, capacity 10784K, committed 10784K, reserved 1048576K
}

