# JRE version: Java(TM) SE Runtime Environment 18.9 (11.0.20+9) (build 11.0.20+9-LTS-256)
# Java VM: Java HotSpot(TM) 64-Bit Server VM 18.9 (11.0.20+9-LTS-256, mixed mode, tiered, compressed oops, g1 gc, windows-amd64)
Heap:
 garbage-first heap   total 96256K, used 34778K [0x00000000a2600000, 0x0000000100000000)
  region size 1024K, 17 young (17408K), 2 survivors (2048K)
 Metaspace       used 43531K, capacity 44712K, committed 44972K, reserved 1087488K
  class space    used 5616K, capacity 6116K, committed 6144K, reserved 1048576K
GC Heap History (10 events):
Event: 1.625 GC heap before
{Heap before GC invocations=1 (full 0):
 garbage-first heap   total 96256K, used 37995K [0x00000000a2600000, 0x0000000100000000)
  region size 1024K, 38 young (38912K), 3 survivors (3072K)
 Metaspace       used 20469K, capacity 21047K, committed 21248K, reserved 1067008K
  class space    used 2540K, capacity 2806K, committed 2816K, reserved 1048576K
}
Event: 1.634 GC heap after
{Heap after GC invocations=2 (full 0):
 garbage-first heap   total 96256K, used 10761K [0x00000000a2600000, 0x0000000100000000)
  region size 1024K, 7 young (7168K), 7 survivors (7168K)
 Metaspace       used 20469K, capacity 21047K, committed 21248K, reserved 1067008K
  class space    used 2540K, capacity 2806K, committed 2816K, reserved 1048576K
}
Event: 1.916 GC heap before
{Heap before GC invocations=3 (full 0):
 garbage-first heap   total 96256K, used 21001K [0x00000000a2600000, 0x0000000100000000)
  region size 1024K, 17 young (17408K), 7 survivors (7168K)
 Metaspace       used 22850K, capacity 23653K, committed 23680K, reserved 1069056K
  class space    used 3093K, capacity 3455K, committed 3456K, reserved 1048576K
}
Event: 1.922 GC heap after
{Heap after GC invocations=4 (full 0):
 garbage-first heap   total 96256K, used 11738K [0x00000000a2600000, 0x0000000100000000)
  region size 1024K, 1 young (1024K), 1 survivors (1024K)
 Metaspace       used 22850K, capacity 23653K, committed 23680K, reserved 1069056K
  class space    used 3093K, capacity 3455K, committed 3456K, reserved 1048576K
}
Event: 10.611 GC heap before
{Heap before GC invocations=4 (full 0):
 garbage-first heap   total 96256K, used 46554K [0x00000000a2600000, 0x0000000100000000)
  region size 1024K, 34 young (34816K), 1 survivors (1024K)
 Metaspace       used 34363K, capacity 35481K, committed 35628K, reserved 1079296K
  class space    used 4402K, capacity 4895K, committed 4992K, reserved 1048576K
}
Event: 10.616 GC heap after
{Heap after GC invocations=5 (full 0):
 garbage-first heap   total 96256K, used 19859K [0x00000000a2600000, 0x0000000100000000)
  region size 1024K, 5 young (5120K), 5 survivors (5120K)
 Metaspace       used 34363K, capacity 35481K, committed 35628K, reserved 1079296K
  class space    used 4402K, capacity 4895K, committed 4992K, reserved 1048576K
}
Event: 10.631 GC heap before
{Heap before GC invocations=5 (full 0):
 garbage-first heap   total 96256K, used 19859K [0x00000000a2600000, 0x0000000100000000)
  region size 1024K, 6 young (6144K), 5 survivors (5120K)
 Metaspace       used 34404K, capacity 35481K, committed 35628K, reserved 1079296K
  class space    used 4411K, capacity 4895K, committed 4992K, reserved 1048576K
}
Event: 10.635 GC heap after
{Heap after GC invocations=6 (full 0):
 garbage-first heap   total 96256K, used 20884K [0x00000000a2600000, 0x0000000100000000)
  region size 1024K, 1 young (1024K), 1 survivors (1024K)
 Metaspace       used 34404K, capacity 35481K, committed 35628K, reserved 1079296K
  class space    used 4411K, capacity 4895K, committed 4992K, reserved 1048576K
}
Event: 11.250 GC heap before
{Heap before GC invocations=7 (full 0):
 garbage-first heap   total 96256K, used 47508K [0x00000000a2600000, 0x0000000100000000)
  region size 1024K, 27 young (27648K), 1 survivors (1024K)
 Metaspace       used 40954K, capacity 42136K, committed 42284K, reserved 1085440K
  class space    used 5231K, capacity 5723K, committed 5760K, reserved 1048576K
}
Event: 11.252 GC heap after
{Heap after GC invocations=8 (full 0):
 garbage-first heap   total 96256K, used 21466K [0x00000000a2600000, 0x0000000100000000)
  region size 1024K, 2 young (2048K), 2 survivors (2048K)
 Metaspace       used 40954K, capacity 42136K, committed 42284K, reserved 1085440K
  class space    used 5231K, capacity 5723K, committed 5760K, reserved 1048576K
}

