# JRE version: Java(TM) SE Runtime Environment 18.9 (11.0.20+9) (build 11.0.20+9-LTS-256)
# Java VM: Java HotSpot(TM) 64-Bit Server VM 18.9 (11.0.20+9-LTS-256, mixed mode, tiered, compressed oops, g1 gc, windows-amd64)
Heap:
 garbage-first heap   total 115712K, used 60918K [0x00000000a2600000, 0x0000000100000000)
  region size 1024K, 16 young (16384K), 5 survivors (5120K)
 Metaspace       used 93302K, capacity 95984K, committed 96256K, reserved 1132544K
  class space    used 12373K, capacity 13539K, committed 13568K, reserved 1048576K
GC Heap History (10 events):
Event: 14.606 GC heap before
{Heap before GC invocations=12 (full 0):
 garbage-first heap   total 96256K, used 68094K [0x00000000a2600000, 0x0000000100000000)
  region size 1024K, 45 young (46080K), 3 survivors (3072K)
 Metaspace       used 71199K, capacity 73099K, committed 73216K, reserved 1112064K
  class space    used 9559K, capacity 10394K, committed 10496K, reserved 1048576K
}
Event: 14.611 GC heap after
{Heap after GC invocations=13 (full 0):
 garbage-first heap   total 96256K, used 27537K [0x00000000a2600000, 0x0000000100000000)
  region size 1024K, 6 young (6144K), 6 survivors (6144K)
 Metaspace       used 71199K, capacity 73099K, committed 73216K, reserved 1112064K
  class space    used 9559K, capacity 10394K, committed 10496K, reserved 1048576K
}
Event: 15.239 GC heap before
{Heap before GC invocations=13 (full 0):
 garbage-first heap   total 96256K, used 69521K [0x00000000a2600000, 0x0000000100000000)
  region size 1024K, 47 young (48128K), 6 survivors (6144K)
 Metaspace       used 73246K, capacity 75504K, committed 75648K, reserved 1114112K
  class space    used 9854K, capacity 10806K, committed 10880K, reserved 1048576K
}
Event: 15.255 GC heap after
{Heap after GC invocations=14 (full 0):
 garbage-first heap   total 96256K, used 40535K [0x00000000a2600000, 0x0000000100000000)
  region size 1024K, 6 young (6144K), 6 survivors (6144K)
 Metaspace       used 73246K, capacity 75504K, committed 75648K, reserved 1114112K
  class space    used 9854K, capacity 10806K, committed 10880K, reserved 1048576K
}
Event: 20.490 GC heap before
{Heap before GC invocations=14 (full 0):
 garbage-first heap   total 96256K, used 70231K [0x00000000a2600000, 0x0000000100000000)
  region size 1024K, 35 young (35840K), 6 survivors (6144K)
 Metaspace       used 76905K, capacity 79307K, committed 79488K, reserved 1118208K
  class space    used 10339K, capacity 11377K, committed 11392K, reserved 1048576K
}
Event: 20.507 GC heap after
{Heap after GC invocations=15 (full 0):
 garbage-first heap   total 115712K, used 44222K [0x00000000a2600000, 0x0000000100000000)
  region size 1024K, 4 young (4096K), 4 survivors (4096K)
 Metaspace       used 76905K, capacity 79307K, committed 79488K, reserved 1118208K
  class space    used 10339K, capacity 11377K, committed 11392K, reserved 1048576K
}
Event: 20.964 GC heap before
{Heap before GC invocations=15 (full 0):
 garbage-first heap   total 115712K, used 79038K [0x00000000a2600000, 0x0000000100000000)
  region size 1024K, 39 young (39936K), 4 survivors (4096K)
 Metaspace       used 79622K, capacity 82112K, committed 82304K, reserved 1120256K
  class space    used 10742K, capacity 11797K, committed 11904K, reserved 1048576K
}
Event: 20.970 GC heap after
{Heap after GC invocations=16 (full 0):
 garbage-first heap   total 115712K, used 46898K [0x00000000a2600000, 0x0000000100000000)
  region size 1024K, 3 young (3072K), 3 survivors (3072K)
 Metaspace       used 79622K, capacity 82112K, committed 82304K, reserved 1120256K
  class space    used 10742K, capacity 11797K, committed 11904K, reserved 1048576K
}
Event: 23.355 GC heap before
{Heap before GC invocations=16 (full 0):
 garbage-first heap   total 115712K, used 82738K [0x00000000a2600000, 0x0000000100000000)
  region size 1024K, 38 young (38912K), 3 survivors (3072K)
 Metaspace       used 87212K, capacity 89708K, committed 89984K, reserved 1126400K
  class space    used 11532K, capacity 12613K, committed 12672K, reserved 1048576K
}
Event: 23.369 GC heap after
{Heap after GC invocations=17 (full 0):
 garbage-first heap   total 115712K, used 50678K [0x00000000a2600000, 0x0000000100000000)
  region size 1024K, 5 young (5120K), 5 survivors (5120K)
 Metaspace       used 87212K, capacity 89708K, committed 89984K, reserved 1126400K
  class space    used 11532K, capacity 12613K, committed 12672K, reserved 1048576K
}

