# JRE version: Java(TM) SE Runtime Environment 18.9 (11.0.20+9) (build 11.0.20+9-LTS-256)
# Java VM: Java HotSpot(TM) 64-Bit Server VM 18.9 (11.0.20+9-LTS-256, mixed mode, tiered, compressed oops, g1 gc, windows-amd64)
Heap:
 garbage-first heap   total 96256K, used 69473K [0x00000000a2600000, 0x0000000100000000)
  region size 1024K, 3 young (3072K), 1 survivors (1024K)
 Metaspace       used 94534K, capacity 97153K, committed 97408K, reserved 1132544K
  class space    used 12515K, capacity 13649K, committed 13696K, reserved 1048576K
GC Heap History (10 events):
Event: 25.623 GC heap before
{Heap before GC invocations=26 (full 0):
 garbage-first heap   total 96256K, used 58320K [0x00000000a2600000, 0x0000000100000000)
  region size 1024K, 3 young (3072K), 1 survivors (1024K)
 Metaspace       used 94378K, capacity 97016K, committed 97152K, reserved 1132544K
  class space    used 12514K, capacity 13646K, committed 13696K, reserved 1048576K
}
Event: 25.626 GC heap after
{Heap after GC invocations=27 (full 0):
 garbage-first heap   total 96256K, used 56173K [0x00000000a2600000, 0x0000000100000000)
  region size 1024K, 1 young (1024K), 1 survivors (1024K)
 Metaspace       used 94378K, capacity 97016K, committed 97152K, reserved 1132544K
  class space    used 12514K, capacity 13646K, committed 13696K, reserved 1048576K
}
Event: 25.730 GC heap before
{Heap before GC invocations=28 (full 0):
 garbage-first heap   total 96256K, used 76653K [0x00000000a2600000, 0x0000000100000000)
  region size 1024K, 15 young (15360K), 1 survivors (1024K)
 Metaspace       used 94403K, capacity 97016K, committed 97152K, reserved 1132544K
  class space    used 12514K, capacity 13646K, committed 13696K, reserved 1048576K
}
Event: 25.732 GC heap after
{Heap after GC invocations=29 (full 0):
 garbage-first heap   total 96256K, used 61281K [0x00000000a2600000, 0x0000000100000000)
  region size 1024K, 1 young (1024K), 1 survivors (1024K)
 Metaspace       used 94403K, capacity 97016K, committed 97152K, reserved 1132544K
  class space    used 12514K, capacity 13646K, committed 13696K, reserved 1048576K
}
Event: 25.747 GC heap before
{Heap before GC invocations=29 (full 0):
 garbage-first heap   total 96256K, used 61281K [0x00000000a2600000, 0x0000000100000000)
  region size 1024K, 2 young (2048K), 1 survivors (1024K)
 Metaspace       used 94421K, capacity 97019K, committed 97152K, reserved 1132544K
  class space    used 12514K, capacity 13647K, committed 13696K, reserved 1048576K
}
Event: 25.749 GC heap after
{Heap after GC invocations=30 (full 0):
 garbage-first heap   total 96256K, used 57179K [0x00000000a2600000, 0x0000000100000000)
  region size 1024K, 1 young (1024K), 1 survivors (1024K)
 Metaspace       used 94421K, capacity 97019K, committed 97152K, reserved 1132544K
  class space    used 12514K, capacity 13647K, committed 13696K, reserved 1048576K
}
Event: 25.813 GC heap before
{Heap before GC invocations=31 (full 0):
 garbage-first heap   total 96256K, used 61275K [0x00000000a2600000, 0x0000000100000000)
  region size 1024K, 3 young (3072K), 1 survivors (1024K)
 Metaspace       used 94460K, capacity 97083K, committed 97152K, reserved 1132544K
  class space    used 12514K, capacity 13647K, committed 13696K, reserved 1048576K
}
Event: 25.815 GC heap after
{Heap after GC invocations=32 (full 0):
 garbage-first heap   total 96256K, used 61272K [0x00000000a2600000, 0x0000000100000000)
  region size 1024K, 1 young (1024K), 1 survivors (1024K)
 Metaspace       used 94460K, capacity 97083K, committed 97152K, reserved 1132544K
  class space    used 12514K, capacity 13647K, committed 13696K, reserved 1048576K
}
Event: 25.880 GC heap before
{Heap before GC invocations=33 (full 0):
 garbage-first heap   total 96256K, used 69464K [0x00000000a2600000, 0x0000000100000000)
  region size 1024K, 3 young (3072K), 1 survivors (1024K)
 Metaspace       used 94493K, capacity 97083K, committed 97152K, reserved 1132544K
  class space    used 12514K, capacity 13647K, committed 13696K, reserved 1048576K
}
Event: 25.882 GC heap after
{Heap after GC invocations=34 (full 0):
 garbage-first heap   total 96256K, used 64353K [0x00000000a2600000, 0x0000000100000000)
  region size 1024K, 1 young (1024K), 1 survivors (1024K)
 Metaspace       used 94493K, capacity 97083K, committed 97152K, reserved 1132544K
  class space    used 12514K, capacity 13647K, committed 13696K, reserved 1048576K
}

