# JRE version: Java(TM) SE Runtime Environment 18.9 (11.0.20+9) (build 11.0.20+9-LTS-256)
# Java VM: Java HotSpot(TM) 64-Bit Server VM 18.9 (11.0.20+9-LTS-256, mixed mode, tiered, compressed oops, g1 gc, windows-amd64)
Heap:
 garbage-first heap   total 96256K, used 68117K [0x00000000a2600000, 0x0000000100000000)
  region size 1024K, 6 young (6144K), 1 survivors (1024K)
 Metaspace       used 93392K, capacity 95993K, committed 96256K, reserved 1132544K
  class space    used 12334K, capacity 13471K, committed 13568K, reserved 1048576K
GC Heap History (10 events):
Event: 25.511 GC heap before
{Heap before GC invocations=20 (full 0):
 garbage-first heap   total 96256K, used 72076K [0x00000000a2600000, 0x0000000100000000)
  region size 1024K, 26 young (26624K), 3 survivors (3072K)
 Metaspace       used 82423K, capacity 84864K, committed 85120K, reserved 1122304K
  class space    used 11032K, capacity 12073K, committed 12160K, reserved 1048576K
}
Event: 25.516 GC heap after
{Heap after GC invocations=21 (full 0):
 garbage-first heap   total 96256K, used 49564K [0x00000000a2600000, 0x0000000100000000)
  region size 1024K, 4 young (4096K), 4 survivors (4096K)
 Metaspace       used 82423K, capacity 84864K, committed 85120K, reserved 1122304K
  class space    used 11032K, capacity 12073K, committed 12160K, reserved 1048576K
}
Event: 27.884 GC heap before
{Heap before GC invocations=21 (full 0):
 garbage-first heap   total 96256K, used 72092K [0x00000000a2600000, 0x0000000100000000)
  region size 1024K, 27 young (27648K), 4 survivors (4096K)
 Metaspace       used 86062K, capacity 88524K, committed 88832K, reserved 1126400K
  class space    used 11372K, capacity 12449K, committed 12544K, reserved 1048576K
}
Event: 27.890 GC heap after
{Heap after GC invocations=22 (full 0):
 garbage-first heap   total 96256K, used 52526K [0x00000000a2600000, 0x0000000100000000)
  region size 1024K, 4 young (4096K), 4 survivors (4096K)
 Metaspace       used 86062K, capacity 88524K, committed 88832K, reserved 1126400K
  class space    used 11372K, capacity 12449K, committed 12544K, reserved 1048576K
}
Event: 28.490 GC heap before
{Heap before GC invocations=23 (full 0):
 garbage-first heap   total 96256K, used 54574K [0x00000000a2600000, 0x0000000100000000)
  region size 1024K, 7 young (7168K), 4 survivors (4096K)
 Metaspace       used 86144K, capacity 88592K, committed 88832K, reserved 1126400K
  class space    used 11372K, capacity 12449K, committed 12544K, reserved 1048576K
}
Event: 28.496 GC heap after
{Heap after GC invocations=24 (full 0):
 garbage-first heap   total 96256K, used 53376K [0x00000000a2600000, 0x0000000100000000)
  region size 1024K, 1 young (1024K), 1 survivors (1024K)
 Metaspace       used 86144K, capacity 88592K, committed 88832K, reserved 1126400K
  class space    used 11372K, capacity 12449K, committed 12544K, reserved 1048576K
}
Event: 29.236 GC heap before
{Heap before GC invocations=25 (full 0):
 garbage-first heap   total 96256K, used 62592K [0x00000000a2600000, 0x0000000100000000)
  region size 1024K, 11 young (11264K), 1 survivors (1024K)
 Metaspace       used 92075K, capacity 94604K, committed 94720K, reserved 1130496K
  class space    used 12202K, capacity 13310K, committed 13312K, reserved 1048576K
}
Event: 29.241 GC heap after
{Heap after GC invocations=26 (full 0):
 garbage-first heap   total 96256K, used 54683K [0x00000000a2600000, 0x0000000100000000)
  region size 1024K, 2 young (2048K), 2 survivors (2048K)
 Metaspace       used 92075K, capacity 94604K, committed 94720K, reserved 1130496K
  class space    used 12202K, capacity 13310K, committed 13312K, reserved 1048576K
}
Event: 29.417 GC heap before
{Heap before GC invocations=27 (full 0):
 garbage-first heap   total 96256K, used 64923K [0x00000000a2600000, 0x0000000100000000)
  region size 1024K, 6 young (6144K), 2 survivors (2048K)
 Metaspace       used 92996K, capacity 95577K, committed 95616K, reserved 1132544K
  class space    used 12312K, capacity 13439K, committed 13440K, reserved 1048576K
}
Event: 29.421 GC heap after
{Heap after GC invocations=28 (full 0):
 garbage-first heap   total 96256K, used 61973K [0x00000000a2600000, 0x0000000100000000)
  region size 1024K, 1 young (1024K), 1 survivors (1024K)
 Metaspace       used 92996K, capacity 95577K, committed 95616K, reserved 1132544K
  class space    used 12312K, capacity 13439K, committed 13440K, reserved 1048576K
}

